0 info it worked if it ends with ok
1 verbose cli [ '/usr/local/bin/node', '/usr/local/bin/npm', 'publish' ]
2 info using npm@3.10.8
3 info using node@v6.9.1
4 verbose publish [ '.' ]
5 silly cache add args [ '.', null ]
6 verbose cache add spec .
7 silly cache add parsed spec Result {
7 silly cache add   raw: '.',
7 silly cache add   scope: null,
7 silly cache add   escapedName: null,
7 silly cache add   name: null,
7 silly cache add   rawSpec: '.',
7 silly cache add   spec: '/Users/valentin/Documents/dev/publish-test',
7 silly cache add   type: 'directory' }
8 verbose addLocalDirectory /Users/valentin/.npm/publish-test/3.0.0/package.tgz not in flight; packing
9 verbose correctMkdir /Users/valentin/.npm correctMkdir not in flight; initializing
10 info lifecycle publish-test@3.0.0~prepublish: publish-test@3.0.0
11 silly lifecycle publish-test@3.0.0~prepublish: no script for prepublish, continuing
12 verbose tar pack [ '/Users/valentin/.npm/publish-test/3.0.0/package.tgz',
12 verbose tar pack   '/Users/valentin/Documents/dev/publish-test' ]
13 verbose tarball /Users/valentin/.npm/publish-test/3.0.0/package.tgz
14 verbose folder /Users/valentin/Documents/dev/publish-test
15 verbose addLocalTarball adding from inside cache /Users/valentin/.npm/publish-test/3.0.0/package.tgz
16 verbose correctMkdir /Users/valentin/.npm correctMkdir not in flight; initializing
17 silly cache afterAdd publish-test@3.0.0
18 verbose afterAdd /Users/valentin/.npm/publish-test/3.0.0/package/package.json not in flight; writing
19 verbose correctMkdir /Users/valentin/.npm correctMkdir not in flight; initializing
20 verbose afterAdd /Users/valentin/.npm/publish-test/3.0.0/package/package.json written
21 silly publish { name: 'publish-test',
21 silly publish   version: '3.0.0',
21 silly publish   description: 'Test repo for testing npm publishing',
21 silly publish   main: 'index.js',
21 silly publish   scripts: { test: 'echo "Error: no test specified"' },
21 silly publish   author: '',
21 silly publish   license: 'ISC',
21 silly publish   readme: '# publish-test\nTest repo for testing npm publishing\n',
21 silly publish   readmeFilename: 'README.md',
21 silly publish   gitHead: '5718fd9002bec0910de128f17514b6a968f8ead9',
21 silly publish   _id: 'publish-test@3.0.0',
21 silly publish   _shasum: 'fc04b73c6cba0246b202defd1d478eeae4de3191',
21 silly publish   _from: '.' }
22 verbose getPublishConfig undefined
23 silly mapToRegistry name publish-test
24 silly mapToRegistry using default registry
25 silly mapToRegistry registry https://registry.npmjs.org/
26 silly mapToRegistry data Result {
26 silly mapToRegistry   raw: 'publish-test',
26 silly mapToRegistry   scope: null,
26 silly mapToRegistry   escapedName: 'publish-test',
26 silly mapToRegistry   name: 'publish-test',
26 silly mapToRegistry   rawSpec: '',
26 silly mapToRegistry   spec: 'latest',
26 silly mapToRegistry   type: 'tag' }
27 silly mapToRegistry uri https://registry.npmjs.org/publish-test
28 verbose publish registryBase https://registry.npmjs.org/
29 silly publish uploading /Users/valentin/.npm/publish-test/3.0.0/package.tgz
30 verbose stack Error: auth required for publishing
30 verbose stack     at CachingRegistryClient.publish (/usr/local/lib/node_modules/npm/node_modules/npm-registry-client/lib/publish.js:30:14)
30 verbose stack     at /usr/local/lib/node_modules/npm/lib/publish.js:138:14
30 verbose stack     at mapToRegistry (/usr/local/lib/node_modules/npm/lib/utils/map-to-registry.js:62:3)
30 verbose stack     at publish_ (/usr/local/lib/node_modules/npm/lib/publish.js:107:3)
30 verbose stack     at Array.<anonymous> (/usr/local/lib/node_modules/npm/node_modules/slide/lib/bind-actor.js:15:8)
30 verbose stack     at LOOP (/usr/local/lib/node_modules/npm/node_modules/slide/lib/chain.js:15:14)
30 verbose stack     at LOOP (/usr/local/lib/node_modules/npm/node_modules/slide/lib/chain.js:14:28)
30 verbose stack     at chain (/usr/local/lib/node_modules/npm/node_modules/slide/lib/chain.js:20:5)
30 verbose stack     at /usr/local/lib/node_modules/npm/lib/publish.js:73:5
30 verbose stack     at RES (/usr/local/lib/node_modules/npm/node_modules/inflight/inflight.js:23:14)
31 verbose cwd /Users/valentin/Documents/dev/publish-test
32 error Darwin 16.1.0
33 error argv "/usr/local/bin/node" "/usr/local/bin/npm" "publish"
34 error node v6.9.1
35 error npm  v3.10.8
36 error code ENEEDAUTH
37 error need auth auth required for publishing
38 error need auth You need to authorize this machine using `npm adduser`
39 verbose exit [ 1, true ]
